client/android/app/build/intermediates/manifest_merge_blame_file/debug/manifest-merger-blame-debug-report.txt
1<?xml version="1.0" encoding="utf-8"?>
2<manifest xmlns:android="http://schemas.android.com/apk/res/android"
3    package="com.client.dandelion"
4    android:versionCode="1"
5    android:versionName="1.0" >
6
7    <uses-sdk
8        android:minSdkVersion="21"
9        android:targetSdkVersion="30" />
10
11    <uses-permission android:name="android.permission.SYSTEM_ALERT_WINDOW" />
11-->src\debug\AndroidManifest.xml:5:5-77
11-->src\debug\AndroidManifest.xml:5:22-75
12    <uses-permission android:name="android.permission.INTERNET" />
12-->src\main\AndroidManifest.xml:4:5-67
12-->src\main\AndroidManifest.xml:4:22-64
13    <uses-permission android:name="android.permission.ACCESS_COARSE_LOCATION" />
13-->src\main\AndroidManifest.xml:5:5-81
13-->src\main\AndroidManifest.xml:5:22-78
14    <uses-permission android:name="android.permission.ACCESS_FINE_LOCATION" />
14-->src\main\AndroidManifest.xml:6:5-79
14-->src\main\AndroidManifest.xml:6:22-76
15    <uses-permission android:name="android.permission.ACCESS_BACKGROUND_LOCATION" />
15-->src\main\AndroidManifest.xml:7:5-85
15-->src\main\AndroidManifest.xml:7:22-82
16    <uses-permission android:name="android.permission.ACCESS_WIFI_STATE" /> <!-- Include required permissions for Google Maps API to run. -->
16-->[com.facebook.flipper:flipper:0.93.0] AndroidManifest.xml:16:5-76
16-->[com.facebook.flipper:flipper:0.93.0] AndroidManifest.xml:16:22-73
17    <uses-permission android:name="android.permission.ACCESS_NETWORK_STATE" />
17-->[com.google.android.gms:play-services-maps:17.0.0] AndroidManifest.xml:23:5-79
17-->[com.google.android.gms:play-services-maps:17.0.0] AndroidManifest.xml:23:22-76
18
19    <uses-feature
19-->[com.google.android.gms:play-services-maps:17.0.0] AndroidManifest.xml:26:5-28:35
20        android:glEsVersion="0x00020000"
20-->[com.google.android.gms:play-services-maps:17.0.0] AndroidManifest.xml:27:9-41
21        android:required="true" />
21-->[com.google.android.gms:play-services-maps:17.0.0] AndroidManifest.xml:28:9-32
22
23    <application
23-->src\main\AndroidManifest.xml:10:5-35:19
24        android:name="com.client.dandelion.MainApplication"
24-->src\main\AndroidManifest.xml:11:7-38
25        android:allowBackup="false"
25-->src\main\AndroidManifest.xml:15:7-34
26        android:appComponentFactory="androidx.core.app.CoreComponentFactory"
26-->[androidx.core:core:1.6.0] AndroidManifest.xml:24:18-86
27        android:debuggable="true"
28        android:icon="@mipmap/ic_launcher"
28-->src\main\AndroidManifest.xml:13:7-41
29        android:label="@string/app_name"
29-->src\main\AndroidManifest.xml:12:7-39
30        android:roundIcon="@mipmap/ic_launcher_round"
30-->src\main\AndroidManifest.xml:14:7-52
31        android:theme="@style/AppTheme"
31-->src\main\AndroidManifest.xml:16:7-38
32        android:usesCleartextTraffic="true" >
32-->src\debug\AndroidManifest.xml:8:9-44
33        <activity android:name="com.facebook.react.devsupport.DevSettingsActivity" />
33-->src\main\AndroidManifest.xml:34:7-83
33-->src\main\AndroidManifest.xml:34:17-81
34
35        <meta-data
35-->src\main\AndroidManifest.xml:17:7-19:66
36            android:name="com.google.android.geo.API_KEY"
36-->src\main\AndroidManifest.xml:18:9-54
37            android:value="AIzaSyAScGRP8oVRYyEgyTwUjPjqqVUn0QXHsi8" /> <!-- You will also only need to add this uses-libray tag -->
37-->src\main\AndroidManifest.xml:19:9-64
38        <uses-library
38-->src\main\AndroidManifest.xml:21:7-85
39            android:name="org.apache.http.legacy"
39-->src\main\AndroidManifest.xml:21:21-58
40            android:required="false" />
40-->src\main\AndroidManifest.xml:21:59-83
41
42        <activity
42-->src\main\AndroidManifest.xml:23:7-33:19
43            android:name="com.client.dandelion.MainActivity"
43-->src\main\AndroidManifest.xml:24:9-37
44            android:configChanges="keyboard|keyboardHidden|orientation|screenSize|uiMode"
44-->src\main\AndroidManifest.xml:26:9-86
45            android:label="@string/app_name"
45-->src\main\AndroidManifest.xml:25:9-41
46            android:launchMode="singleTask"
46-->src\main\AndroidManifest.xml:27:9-40
47            android:windowSoftInputMode="adjustResize" >
47-->src\main\AndroidManifest.xml:28:9-51
48            <intent-filter>
48-->src\main\AndroidManifest.xml:29:9-32:25
49                <action android:name="android.intent.action.MAIN" />
49-->src\main\AndroidManifest.xml:30:13-65
49-->src\main\AndroidManifest.xml:30:21-62
50
51                <category android:name="android.intent.category.LAUNCHER" />
51-->src\main\AndroidManifest.xml:31:13-73
51-->src\main\AndroidManifest.xml:31:23-70
52            </intent-filter>
53        </activity>
54
55        <provider
55-->[:react-native-image-picker] AndroidManifest.xml:10:9-18:20
56            android:name="com.imagepicker.ImagePickerProvider"
56-->[:react-native-image-picker] AndroidManifest.xml:11:13-63
57            android:authorities="com.client.dandelion.imagepickerprovider"
57-->[:react-native-image-picker] AndroidManifest.xml:12:13-71
58            android:exported="false"
58-->[:react-native-image-picker] AndroidManifest.xml:13:13-37
59            android:grantUriPermissions="true" >
59-->[:react-native-image-picker] AndroidManifest.xml:14:13-47
60            <meta-data
60-->[:react-native-image-picker] AndroidManifest.xml:15:13-17:70
61                android:name="android.support.FILE_PROVIDER_PATHS"
61-->[:react-native-image-picker] AndroidManifest.xml:16:17-67
62                android:resource="@xml/imagepicker_provider_paths" />
62-->[:react-native-image-picker] AndroidManifest.xml:17:17-67
63        </provider>
64
65        <activity
65-->[com.google.android.gms:play-services-auth:17.0.0] AndroidManifest.xml:23:9-27:75
66            android:name="com.google.android.gms.auth.api.signin.internal.SignInHubActivity"
66-->[com.google.android.gms:play-services-auth:17.0.0] AndroidManifest.xml:24:13-93
67            android:excludeFromRecents="true"
67-->[com.google.android.gms:play-services-auth:17.0.0] AndroidManifest.xml:25:13-46
68            android:exported="false"
68-->[com.google.android.gms:play-services-auth:17.0.0] AndroidManifest.xml:26:13-37
69            android:theme="@android:style/Theme.Translucent.NoTitleBar" />
69-->[com.google.android.gms:play-services-auth:17.0.0] AndroidManifest.xml:27:13-72
70        <!--
71            Service handling Google Sign-In user revocation. For apps that do not integrate with
72            Google Sign-In, this service will never be started.
73        -->
74        <service
74-->[com.google.android.gms:play-services-auth:17.0.0] AndroidManifest.xml:33:9-36:110
75            android:name="com.google.android.gms.auth.api.signin.RevocationBoundService"
75-->[com.google.android.gms:play-services-auth:17.0.0] AndroidManifest.xml:34:13-89
76            android:exported="true"
76-->[com.google.android.gms:play-services-auth:17.0.0] AndroidManifest.xml:35:13-36
77            android:permission="com.google.android.gms.auth.api.signin.permission.REVOCATION_NOTIFICATION" />
77-->[com.google.android.gms:play-services-auth:17.0.0] AndroidManifest.xml:36:13-107
78
79        <activity
79-->[com.google.android.gms:play-services-base:17.0.0] AndroidManifest.xml:23:9-26:75
80            android:name="com.google.android.gms.common.api.GoogleApiActivity"
80-->[com.google.android.gms:play-services-base:17.0.0] AndroidManifest.xml:24:13-79
81            android:exported="false"
81-->[com.google.android.gms:play-services-base:17.0.0] AndroidManifest.xml:25:13-37
82            android:theme="@android:style/Theme.Translucent.NoTitleBar" />
82-->[com.google.android.gms:play-services-base:17.0.0] AndroidManifest.xml:26:13-72
83
84        <meta-data
84-->[com.google.android.gms:play-services-basement:17.0.0] AndroidManifest.xml:23:9-25:69
85            android:name="com.google.android.gms.version"
85-->[com.google.android.gms:play-services-basement:17.0.0] AndroidManifest.xml:24:13-58
86            android:value="@integer/google_play_services_version" />
86-->[com.google.android.gms:play-services-basement:17.0.0] AndroidManifest.xml:25:13-66
87    </application>
88
89</manifest>